[debug] [2024-11-07T11:29:47.990Z] ----------------------------------------------------------------------
[debug] [2024-11-07T11:29:47.992Z] Command:       C:\Program Files\nodejs\node.exe C:\Users\youss\AppData\Roaming\npm\node_modules\firebase-tools\lib\bin\firebase.js init
[debug] [2024-11-07T11:29:47.992Z] CLI Version:   13.24.1
[debug] [2024-11-07T11:29:47.992Z] Platform:      win32
[debug] [2024-11-07T11:29:47.993Z] Node Version:  v20.16.0
[debug] [2024-11-07T11:29:47.993Z] Time:          Thu Nov 07 2024 13:29:47 GMT+0200 (Eastern European Standard Time)
[debug] [2024-11-07T11:29:47.993Z] ----------------------------------------------------------------------
[debug] 
[debug] [2024-11-07T11:29:47.997Z] > command requires scopes: ["email","openid","https://www.googleapis.com/auth/cloudplatformprojects.readonly","https://www.googleapis.com/auth/firebase","https://www.googleapis.com/auth/cloud-platform"]
[debug] [2024-11-07T11:29:47.997Z] > authorizing via signed-in user (youssefsherif468j@gmail.com)
[info] 
     ######## #### ########  ######## ########     ###     ######  ########
     ##        ##  ##     ## ##       ##     ##  ##   ##  ##       ##
     ######    ##  ########  ######   ########  #########  ######  ######
     ##        ##  ##    ##  ##       ##     ## ##     ##       ## ##
     ##       #### ##     ## ######## ########  ##     ##  ######  ########

You're about to initialize a Firebase project in this directory:

  C:\Users\youss\Downloads\chat-app

[info] 
=== Project Setup
[info] 
[info] First, let's associate this project directory with a Firebase project.
[info] You can create multiple project aliases by running firebase use --add, 
[info] but for now we'll just set up a default project.
[info] 
[debug] [2024-11-07T11:29:54.466Z] Checked if tokens are valid: true, expires at: 1730982326185
[debug] [2024-11-07T11:29:54.467Z] Checked if tokens are valid: true, expires at: 1730982326185
[debug] [2024-11-07T11:29:54.469Z] >>> [apiv2][query] GET https://firebase.googleapis.com/v1beta1/projects pageSize=100
[debug] [2024-11-07T11:29:54.977Z] <<< [apiv2][status] GET https://firebase.googleapis.com/v1beta1/projects 200
[debug] [2024-11-07T11:29:54.977Z] <<< [apiv2][body] GET https://firebase.googleapis.com/v1beta1/projects [omitted]
[info] i  Using project chat-app-889b1 (chat-app) 
[info] 
=== Dataconnect Setup
[debug] [2024-11-07T11:29:57.886Z] Checked if tokens are valid: true, expires at: 1730982326185
[debug] [2024-11-07T11:29:57.886Z] Checked if tokens are valid: true, expires at: 1730982326185
[debug] [2024-11-07T11:29:57.886Z] >>> [apiv2][query] GET https://cloudbilling.googleapis.com/v1/projects/chat-app-889b1/billingInfo [none]
[debug] [2024-11-07T11:29:58.690Z] <<< [apiv2][status] GET https://cloudbilling.googleapis.com/v1/projects/chat-app-889b1/billingInfo 200
[debug] [2024-11-07T11:29:58.690Z] <<< [apiv2][body] GET https://cloudbilling.googleapis.com/v1/projects/chat-app-889b1/billingInfo {"name":"projects/chat-app-889b1/billingInfo","projectId":"chat-app-889b1","billingAccountName":"","billingEnabled":false}
[info] i  dataconnect: ensuring required API sqladmin.googleapis.com is enabled... 
[debug] [2024-11-07T11:29:58.691Z] Checked if tokens are valid: true, expires at: 1730982326185
[debug] [2024-11-07T11:29:58.691Z] Checked if tokens are valid: true, expires at: 1730982326185
[debug] [2024-11-07T11:29:58.691Z] >>> [apiv2][query] GET https://serviceusage.googleapis.com/v1/projects/chat-app-889b1/services/sqladmin.googleapis.com [none]
[debug] [2024-11-07T11:29:58.691Z] >>> [apiv2][(partial)header] GET https://serviceusage.googleapis.com/v1/projects/chat-app-889b1/services/sqladmin.googleapis.com x-goog-quota-user=projects/chat-app-889b1
[debug] [2024-11-07T11:29:59.665Z] <<< [apiv2][status] GET https://serviceusage.googleapis.com/v1/projects/chat-app-889b1/services/sqladmin.googleapis.com 200
[debug] [2024-11-07T11:29:59.665Z] <<< [apiv2][body] GET https://serviceusage.googleapis.com/v1/projects/chat-app-889b1/services/sqladmin.googleapis.com [omitted]
[info] +  dataconnect: required API sqladmin.googleapis.com is enabled 
[info] i  dataconnect\dataconnect.yaml is unchanged 
[info] i  dataconnect\schema\schema.gql is unchanged 
[info] +  Wrote dataconnect\connector\connector.yaml 
[info] i  dataconnect\connector\queries.gql is unchanged 
[info] i  dataconnect\connector\mutations.gql is unchanged 
[info] +  Detected WEB app in directory C:\Users\youss\Downloads\chat-app 
[info] i  Wrote new config to C:\Users\youss\Downloads\chat-app\dataconnect\connector/connector.yaml 
[info] I1107 13:38:18.230157   33608 codegen.go:82] [connector "default" javascriptSdk] Generating sources into "C:\\Users\\youss\\Downloads\\chat-app\\dataconnect-generated\\js\\default-connector"
I1107 13:38:18.230672   33608 generate.go:40] Generated all sources. Writing them to disk...
I1107 13:38:18.231359   33608 collector.go:107] connector "default" javascriptSdk wrote into "C:\\Users\\youss\\Downloads\\chat-app\\dataconnect-generated\\js\\default-connector"
Generated sources: esm\index.esm.js [181B] esm\package.json [17B] index.cjs.js [222B] package.json [623B] index.d.ts [264B] 
I1107 13:38:18.240551   33608 installsdk.go:76] Running command: C:\Program Files\nodejs\npm.cmd install file:dataconnect-generated\js\default-connector

[info] i  Generated SDK code for default 
[info] +  If you'd like to add more generated SDKs to your app your later, run firebase init dataconnect:sdk again 
[info] i  If you'd like to provision a CloudSQL Postgres instance on the Firebase Data Connect no-cost trial:
1. Please upgrade to the pay-as-you-go (Blaze) billing plan. Visit the following page:
     https://console.firebase.google.com/project/chat-app-889b1/usage/details
2. Run firebase init dataconnect again to configure the Cloud SQL instance.
3. Run firebase deploy --only dataconnect to deploy your Data Connect service. 
[info] 
=== Firestore Setup
[debug] [2024-11-07T11:38:19.786Z] Checked if tokens are valid: true, expires at: 1730982326185
[debug] [2024-11-07T11:38:19.786Z] Checked if tokens are valid: true, expires at: 1730982326185
[debug] [2024-11-07T11:38:19.786Z] >>> [apiv2][query] GET https://serviceusage.googleapis.com/v1/projects/chat-app-889b1/services/firestore.googleapis.com [none]
[debug] [2024-11-07T11:38:19.786Z] >>> [apiv2][(partial)header] GET https://serviceusage.googleapis.com/v1/projects/chat-app-889b1/services/firestore.googleapis.com x-goog-quota-user=projects/chat-app-889b1
[debug] [2024-11-07T11:38:20.832Z] <<< [apiv2][status] GET https://serviceusage.googleapis.com/v1/projects/chat-app-889b1/services/firestore.googleapis.com 200
[debug] [2024-11-07T11:38:20.832Z] <<< [apiv2][body] GET https://serviceusage.googleapis.com/v1/projects/chat-app-889b1/services/firestore.googleapis.com [omitted]
[debug] [2024-11-07T11:38:20.833Z] Checked if tokens are valid: true, expires at: 1730982326185
[debug] [2024-11-07T11:38:20.833Z] Checked if tokens are valid: true, expires at: 1730982326185
[debug] [2024-11-07T11:38:20.833Z] >>> [apiv2][query] GET https://firestore.googleapis.com/v1/projects/chat-app-889b1/databases/(default) [none]
[debug] [2024-11-07T11:38:21.728Z] <<< [apiv2][status] GET https://firestore.googleapis.com/v1/projects/chat-app-889b1/databases/(default) 200
[debug] [2024-11-07T11:38:21.728Z] <<< [apiv2][body] GET https://firestore.googleapis.com/v1/projects/chat-app-889b1/databases/(default) {"name":"projects/chat-app-889b1/databases/(default)","uid":"de88e02b-a2da-42ed-9f07-b92165ad67fd","createTime":"2024-11-07T11:29:37.306140Z","updateTime":"2024-11-07T11:29:37.306140Z","locationId":"nam5","type":"FIRESTORE_NATIVE","concurrencyMode":"PESSIMISTIC","versionRetentionPeriod":"3600s","earliestVersionTime":"2024-11-07T11:29:37.306140Z","appEngineIntegrationMode":"DISABLED","keyPrefix":"s","pointInTimeRecoveryEnablement":"POINT_IN_TIME_RECOVERY_DISABLED","deleteProtectionState":"DELETE_PROTECTION_DISABLED","etag":"IPj32ZKRyokDMJysuZiPyokD"}
[debug] [2024-11-07T11:38:21.728Z] database_type: FIRESTORE_NATIVE
[debug] [2024-11-07T11:38:21.728Z] database_type: FIRESTORE_NATIVE
[debug] [2024-11-07T11:38:21.728Z] > command requires scopes: ["email","openid","https://www.googleapis.com/auth/cloudplatformprojects.readonly","https://www.googleapis.com/auth/firebase","https://www.googleapis.com/auth/cloud-platform"]
[debug] [2024-11-07T11:38:21.728Z] > authorizing via signed-in user (youssefsherif468j@gmail.com)
[debug] [2024-11-07T11:38:21.728Z] [iam] checking project chat-app-889b1 for permissions ["firebase.projects.get"]
[debug] [2024-11-07T11:38:21.729Z] Checked if tokens are valid: true, expires at: 1730982326185
[debug] [2024-11-07T11:38:21.729Z] Checked if tokens are valid: true, expires at: 1730982326185
[debug] [2024-11-07T11:38:21.729Z] >>> [apiv2][query] POST https://cloudresourcemanager.googleapis.com/v1/projects/chat-app-889b1:testIamPermissions [none]
[debug] [2024-11-07T11:38:21.729Z] >>> [apiv2][(partial)header] POST https://cloudresourcemanager.googleapis.com/v1/projects/chat-app-889b1:testIamPermissions x-goog-quota-user=projects/chat-app-889b1
[debug] [2024-11-07T11:38:21.729Z] >>> [apiv2][body] POST https://cloudresourcemanager.googleapis.com/v1/projects/chat-app-889b1:testIamPermissions {"permissions":["firebase.projects.get"]}
[debug] [2024-11-07T11:38:22.566Z] <<< [apiv2][status] POST https://cloudresourcemanager.googleapis.com/v1/projects/chat-app-889b1:testIamPermissions 200
[debug] [2024-11-07T11:38:22.566Z] <<< [apiv2][body] POST https://cloudresourcemanager.googleapis.com/v1/projects/chat-app-889b1:testIamPermissions {"permissions":["firebase.projects.get"]}
[info] 
[info] Firestore Security Rules allow you to define how and when to allow
[info] requests. You can keep these rules in your project directory
[info] and publish them with firebase deploy.
[info] 
[debug] [2024-11-07T11:42:42.371Z] Checked if tokens are valid: true, expires at: 1730982326185
[debug] [2024-11-07T11:42:42.372Z] Checked if tokens are valid: true, expires at: 1730982326185
[debug] [2024-11-07T11:42:42.372Z] >>> [apiv2][query] GET https://firebaserules.googleapis.com/v1/projects/chat-app-889b1/releases pageSize=10&pageToken=
[debug] [2024-11-07T11:42:43.255Z] <<< [apiv2][status] GET https://firebaserules.googleapis.com/v1/projects/chat-app-889b1/releases 200
[debug] [2024-11-07T11:42:43.255Z] <<< [apiv2][body] GET https://firebaserules.googleapis.com/v1/projects/chat-app-889b1/releases {"releases":[{"name":"projects/chat-app-889b1/releases/cloud.firestore","rulesetName":"projects/chat-app-889b1/rulesets/e500930a-db5f-4d89-b741-0beefd95a470","createTime":"2024-11-07T11:29:40.052721Z","updateTime":"2024-11-07T11:29:40.052721Z"}]}
[debug] [2024-11-07T11:42:43.255Z] Found ruleset: projects/chat-app-889b1/rulesets/e500930a-db5f-4d89-b741-0beefd95a470
[debug] [2024-11-07T11:42:43.256Z] Checked if tokens are valid: true, expires at: 1730982326185
[debug] [2024-11-07T11:42:43.256Z] Checked if tokens are valid: true, expires at: 1730982326185
[debug] [2024-11-07T11:42:43.256Z] >>> [apiv2][query] GET https://firebaserules.googleapis.com/v1/projects/chat-app-889b1/rulesets/e500930a-db5f-4d89-b741-0beefd95a470 [none]
[debug] [2024-11-07T11:42:43.940Z] <<< [apiv2][status] GET https://firebaserules.googleapis.com/v1/projects/chat-app-889b1/rulesets/e500930a-db5f-4d89-b741-0beefd95a470 200
[debug] [2024-11-07T11:42:43.941Z] <<< [apiv2][body] GET https://firebaserules.googleapis.com/v1/projects/chat-app-889b1/rulesets/e500930a-db5f-4d89-b741-0beefd95a470 [omitted]
[info] 
[info] Firestore indexes allow you to perform complex queries while
[info] maintaining performance that scales with the size of the result
[info] set. You can keep index definitions in your project directory
[info] and publish them with firebase deploy.
[info] 
[debug] [2024-11-07T11:42:46.785Z] Checked if tokens are valid: true, expires at: 1730982326185
[debug] [2024-11-07T11:42:46.785Z] Checked if tokens are valid: true, expires at: 1730982326185
[debug] [2024-11-07T11:42:46.785Z] Checked if tokens are valid: true, expires at: 1730982326185
[debug] [2024-11-07T11:42:46.785Z] Checked if tokens are valid: true, expires at: 1730982326185
[debug] [2024-11-07T11:42:46.785Z] >>> [apiv2][query] GET https://firestore.googleapis.com/v1/projects/chat-app-889b1/databases/(default)/collectionGroups/-/indexes [none]
[debug] [2024-11-07T11:42:46.787Z] >>> [apiv2][query] GET https://firestore.googleapis.com/v1/projects/chat-app-889b1/databases/(default)/collectionGroups/-/fields?filter=indexConfig.usesAncestorConfig=false OR ttlConfig:* [none]
[debug] [2024-11-07T11:42:47.692Z] <<< [apiv2][status] GET https://firestore.googleapis.com/v1/projects/chat-app-889b1/databases/(default)/collectionGroups/-/indexes 200
[debug] [2024-11-07T11:42:47.692Z] <<< [apiv2][body] GET https://firestore.googleapis.com/v1/projects/chat-app-889b1/databases/(default)/collectionGroups/-/indexes {}
[debug] [2024-11-07T11:42:48.126Z] <<< [apiv2][status] GET https://firestore.googleapis.com/v1/projects/chat-app-889b1/databases/(default)/collectionGroups/-/fields?filter=indexConfig.usesAncestorConfig=false OR ttlConfig:* 200
[debug] [2024-11-07T11:42:48.126Z] <<< [apiv2][body] GET https://firestore.googleapis.com/v1/projects/chat-app-889b1/databases/(default)/collectionGroups/-/fields?filter=indexConfig.usesAncestorConfig=false OR ttlConfig:* {"fields":[{"name":"projects/chat-app-889b1/databases/(default)/collectionGroups/__default__/fields/*","indexConfig":{"indexes":[{"queryScope":"COLLECTION","fields":[{"fieldPath":"*","order":"ASCENDING"}],"state":"READY"},{"queryScope":"COLLECTION","fields":[{"fieldPath":"*","order":"DESCENDING"}],"state":"READY"},{"queryScope":"COLLECTION","fields":[{"fieldPath":"*","arrayConfig":"CONTAINS"}],"state":"READY"}]}}]}
[info] 
=== Genkit Setup
[info] Stopped Genkit initialization
[info] 
=== Functions Setup
[debug] [2024-11-07T11:42:57.900Z] > command requires scopes: ["email","openid","https://www.googleapis.com/auth/cloudplatformprojects.readonly","https://www.googleapis.com/auth/firebase","https://www.googleapis.com/auth/cloud-platform"]
[debug] [2024-11-07T11:42:57.900Z] > authorizing via signed-in user (youssefsherif468j@gmail.com)
[debug] [2024-11-07T11:42:57.900Z] [iam] checking project chat-app-889b1 for permissions ["firebase.projects.get"]
[debug] [2024-11-07T11:42:57.901Z] Checked if tokens are valid: true, expires at: 1730982326185
[debug] [2024-11-07T11:42:57.901Z] Checked if tokens are valid: true, expires at: 1730982326185
[debug] [2024-11-07T11:42:57.901Z] >>> [apiv2][query] POST https://cloudresourcemanager.googleapis.com/v1/projects/chat-app-889b1:testIamPermissions [none]
[debug] [2024-11-07T11:42:57.901Z] >>> [apiv2][(partial)header] POST https://cloudresourcemanager.googleapis.com/v1/projects/chat-app-889b1:testIamPermissions x-goog-quota-user=projects/chat-app-889b1
[debug] [2024-11-07T11:42:57.901Z] >>> [apiv2][body] POST https://cloudresourcemanager.googleapis.com/v1/projects/chat-app-889b1:testIamPermissions {"permissions":["firebase.projects.get"]}
[debug] [2024-11-07T11:42:58.672Z] <<< [apiv2][status] POST https://cloudresourcemanager.googleapis.com/v1/projects/chat-app-889b1:testIamPermissions 200
[debug] [2024-11-07T11:42:58.672Z] <<< [apiv2][body] POST https://cloudresourcemanager.googleapis.com/v1/projects/chat-app-889b1:testIamPermissions {"permissions":["firebase.projects.get"]}
[debug] [2024-11-07T11:42:58.672Z] Checked if tokens are valid: true, expires at: 1730982326185
[debug] [2024-11-07T11:42:58.672Z] Checked if tokens are valid: true, expires at: 1730982326185
[debug] [2024-11-07T11:42:58.672Z] Checked if tokens are valid: true, expires at: 1730982326185
[debug] [2024-11-07T11:42:58.672Z] Checked if tokens are valid: true, expires at: 1730982326185
[debug] [2024-11-07T11:42:58.672Z] >>> [apiv2][query] GET https://serviceusage.googleapis.com/v1/projects/chat-app-889b1/services/cloudfunctions.googleapis.com [none]
[debug] [2024-11-07T11:42:58.672Z] >>> [apiv2][(partial)header] GET https://serviceusage.googleapis.com/v1/projects/chat-app-889b1/services/cloudfunctions.googleapis.com x-goog-quota-user=projects/chat-app-889b1
[debug] [2024-11-07T11:42:58.674Z] >>> [apiv2][query] GET https://serviceusage.googleapis.com/v1/projects/chat-app-889b1/services/runtimeconfig.googleapis.com [none]
[debug] [2024-11-07T11:42:58.674Z] >>> [apiv2][(partial)header] GET https://serviceusage.googleapis.com/v1/projects/chat-app-889b1/services/runtimeconfig.googleapis.com x-goog-quota-user=projects/chat-app-889b1
[debug] [2024-11-07T11:42:59.621Z] <<< [apiv2][status] GET https://serviceusage.googleapis.com/v1/projects/chat-app-889b1/services/runtimeconfig.googleapis.com 200
[debug] [2024-11-07T11:42:59.621Z] <<< [apiv2][body] GET https://serviceusage.googleapis.com/v1/projects/chat-app-889b1/services/runtimeconfig.googleapis.com [omitted]
[debug] [2024-11-07T11:42:59.626Z] <<< [apiv2][status] GET https://serviceusage.googleapis.com/v1/projects/chat-app-889b1/services/cloudfunctions.googleapis.com 200
[debug] [2024-11-07T11:42:59.626Z] <<< [apiv2][body] GET https://serviceusage.googleapis.com/v1/projects/chat-app-889b1/services/cloudfunctions.googleapis.com [omitted]
[debug] [2024-11-07T11:42:59.627Z] Checked if tokens are valid: true, expires at: 1730982326185
[debug] [2024-11-07T11:42:59.627Z] Checked if tokens are valid: true, expires at: 1730982326185
[debug] [2024-11-07T11:42:59.627Z] >>> [apiv2][query] POST https://serviceusage.googleapis.com/v1/projects/chat-app-889b1/services/cloudfunctions.googleapis.com:enable [none]
[debug] [2024-11-07T11:42:59.627Z] >>> [apiv2][(partial)header] POST https://serviceusage.googleapis.com/v1/projects/chat-app-889b1/services/cloudfunctions.googleapis.com:enable x-goog-quota-user=projects/chat-app-889b1
[debug] [2024-11-07T11:43:00.699Z] <<< [apiv2][status] POST https://serviceusage.googleapis.com/v1/projects/chat-app-889b1/services/cloudfunctions.googleapis.com:enable 200
[debug] [2024-11-07T11:43:00.699Z] <<< [apiv2][body] POST https://serviceusage.googleapis.com/v1/projects/chat-app-889b1/services/cloudfunctions.googleapis.com:enable [omitted]
[debug] [2024-11-07T11:43:10.710Z] Checked if tokens are valid: true, expires at: 1730982326185
[debug] [2024-11-07T11:43:10.710Z] Checked if tokens are valid: true, expires at: 1730982326185
[debug] [2024-11-07T11:43:10.710Z] >>> [apiv2][query] GET https://serviceusage.googleapis.com/v1/projects/chat-app-889b1/services/cloudfunctions.googleapis.com [none]
[debug] [2024-11-07T11:43:10.711Z] >>> [apiv2][(partial)header] GET https://serviceusage.googleapis.com/v1/projects/chat-app-889b1/services/cloudfunctions.googleapis.com x-goog-quota-user=projects/chat-app-889b1
[debug] [2024-11-07T11:43:11.657Z] <<< [apiv2][status] GET https://serviceusage.googleapis.com/v1/projects/chat-app-889b1/services/cloudfunctions.googleapis.com 200
[debug] [2024-11-07T11:43:11.657Z] <<< [apiv2][body] GET https://serviceusage.googleapis.com/v1/projects/chat-app-889b1/services/cloudfunctions.googleapis.com [omitted]
[info] Let's create a new codebase for your functions.
[info] A directory corresponding to the codebase will be created in your project
[info] with sample code pre-configured.

[info] See https://firebase.google.com/docs/functions/organize-functions for
[info] more information on organizing your functions using codebases.

[info] Functions can be deployed with firebase deploy.

[info] +  Wrote functions/package.json 
[info] +  Wrote functions/.eslintrc.js 
[info] +  Wrote functions/tsconfig.json 
[info] +  Wrote functions/tsconfig.dev.json 
[info] +  Wrote functions/src/index.ts 
[info] +  Wrote functions/.gitignore 
[info] 
[error] NPM install failed, continuing with Firebase initialization...
[info] 
=== Apphosting Setup
[debug] [2024-11-07T12:06:25.696Z] Checked if tokens are valid: true, expires at: 1730982326185
[debug] [2024-11-07T12:06:25.696Z] Checked if tokens are valid: true, expires at: 1730982326185
[debug] [2024-11-07T12:06:25.696Z] >>> [apiv2][query] GET https://cloudbilling.googleapis.com/v1/projects/chat-app-889b1/billingInfo [none]
[debug] [2024-11-07T12:06:26.067Z] <<< [apiv2][status] GET https://cloudbilling.googleapis.com/v1/projects/chat-app-889b1/billingInfo 200
[debug] [2024-11-07T12:06:26.067Z] <<< [apiv2][body] GET https://cloudbilling.googleapis.com/v1/projects/chat-app-889b1/billingInfo {"name":"projects/chat-app-889b1/billingInfo","projectId":"chat-app-889b1","billingAccountName":"","billingEnabled":false}
[info] i  Writing default settings to apphosting.yaml... 
[info] +  Wrote apphosting.yaml 
[info] +  Create a new App Hosting backend with `firebase apphosting:backends:create` 
[info] 
=== Hosting Setup
[debug] [2024-11-07T12:06:26.084Z] Checked if tokens are valid: true, expires at: 1730982326185
[debug] [2024-11-07T12:06:26.084Z] Checked if tokens are valid: true, expires at: 1730982326185
[debug] [2024-11-07T12:06:26.084Z] >>> [apiv2][query] GET https://firebase.googleapis.com/v1beta1/projects/chat-app-889b1 [none]
[debug] [2024-11-07T12:06:26.448Z] <<< [apiv2][status] GET https://firebase.googleapis.com/v1beta1/projects/chat-app-889b1 200
[debug] [2024-11-07T12:06:26.448Z] <<< [apiv2][body] GET https://firebase.googleapis.com/v1beta1/projects/chat-app-889b1 {"projectId":"chat-app-889b1","projectNumber":"660879854360","displayName":"chat-app","name":"projects/chat-app-889b1","resources":{"hostingSite":"chat-app-889b1"},"state":"ACTIVE","etag":"1_fe105128-205f-41d8-96b3-55437a3ba5d9"}
[info] 
[info] Your public directory is the folder (relative to your project directory) that
[info] will contain Hosting assets to be uploaded with firebase deploy. If you
[info] have a build process for your assets, use your build's output directory.
[info] 
[info] +  Wrote public/404.html 
[debug] [2024-11-07T12:06:39.461Z] >>> [apiv2][query] GET https://www.gstatic.com/firebasejs/releases.json [none]
[debug] [2024-11-07T12:06:39.626Z] <<< [apiv2][status] GET https://www.gstatic.com/firebasejs/releases.json 200
[debug] [2024-11-07T12:06:39.626Z] <<< [apiv2][body] GET https://www.gstatic.com/firebasejs/releases.json {"current":{"version":"11.0.1","browserURL":"https://www.gstatic.com/firebasejs/11.0.1/firebase.js","packageURL":"https://www.gstatic.com/firebasejs/11.0.1/firebase.tgz"},"live":{"version":"11.0","browserURL":"https://www.gstatic.com/firebasejs/live/11.0/firebase.js","packageURL":"https://www.gstatic.com/firebasejs/live/11.0/firebase.tgz"},"components":{"analytics":"https://www.gstatic.com/firebasejs/11.0.1/firebase-analytics.js","app":"https://www.gstatic.com/firebasejs/11.0.1/firebase-app.js","app-check":"https://www.gstatic.com/firebasejs/11.0.1/firebase-app-check.js","auth":"https://www.gstatic.com/firebasejs/11.0.1/firebase-auth.js","auth/cordova":"https://www.gstatic.com/firebasejs/11.0.1/firebase-auth/cordova.js","auth/web-extension":"https://www.gstatic.com/firebasejs/11.0.1/firebase-auth/web-extension.js","functions":"https://www.gstatic.com/firebasejs/11.0.1/firebase-functions.js","firestore":"https://www.gstatic.com/firebasejs/11.0.1/firebase-firestore.js","firestore/lite":"https://www.gstatic.com/firebasejs/11.0.1/firebase-firestore/lite.js","installations":"https://www.gstatic.com/firebasejs/11.0.1/firebase-installations.js","storage":"https://www.gstatic.com/firebasejs/11.0.1/firebase-storage.js","performance":"https://www.gstatic.com/firebasejs/11.0.1/firebase-performance.js","remote-config":"https://www.gstatic.com/firebasejs/11.0.1/firebase-remote-config.js","messaging":"https://www.gstatic.com/firebasejs/11.0.1/firebase-messaging.js","messaging/sw":"https://www.gstatic.com/firebasejs/11.0.1/firebase-messaging/sw.js","database":"https://www.gstatic.com/firebasejs/11.0.1/firebase-database.js","vertexai":"https://www.gstatic.com/firebasejs/11.0.1/firebase-vertexai.js","data-connect":"https://www.gstatic.com/firebasejs/11.0.1/firebase-data-connect.js","firestore.memory":"https://www.gstatic.com/firebasejs/11.0.1/firebase-firestore.memory.js"}}
[info] +  Wrote public/index.html 
[info] 
[info] i  Detected a .git folder at C:\Users\youss\Downloads\chat-app 
[info] i  Authorizing with GitHub to upload your service account to a GitHub repository's secrets store. 
[info] 
[info] Visit this URL on this device to log in:
[info] https://github.com/login/oauth/authorize?client_id=89cf50f02ac6aaed3484&state=447164964&redirect_uri=http%3A%2F%2Flocalhost%3A9005&scope=read%3Auser%20repo%20public_repo
[info] 
[info] Waiting for authentication...
[debug] [2024-11-07T12:06:48.131Z] >>> [apiv2][query] POST https://github.com/login/oauth/access_token [none]
[debug] [2024-11-07T12:06:48.131Z] >>> [apiv2][body] POST https://github.com/login/oauth/access_token [stream]
[debug] [2024-11-07T12:06:48.765Z] <<< [apiv2][status] POST https://github.com/login/oauth/access_token 200
[debug] [2024-11-07T12:06:48.765Z] <<< [apiv2][body] POST https://github.com/login/oauth/access_token {"access_token":"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","token_type":"bearer","scope":"read:user,repo"}
[debug] [2024-11-07T12:06:48.773Z] >>> [apiv2][query] GET https://api.github.com/user [none]
[debug] [2024-11-07T12:06:49.380Z] <<< [apiv2][status] GET https://api.github.com/user 200
[debug] [2024-11-07T12:06:49.380Z] <<< [apiv2][body] GET https://api.github.com/user {"login":"youssef-sherif900","id":74614658,"node_id":"MDQ6VXNlcjc0NjE0NjU4","avatar_url":"https://avatars.githubusercontent.com/u/74614658?v=4","gravatar_id":"","url":"https://api.github.com/users/youssef-sherif900","html_url":"https://github.com/youssef-sherif900","followers_url":"https://api.github.com/users/youssef-sherif900/followers","following_url":"https://api.github.com/users/youssef-sherif900/following{/other_user}","gists_url":"https://api.github.com/users/youssef-sherif900/gists{/gist_id}","starred_url":"https://api.github.com/users/youssef-sherif900/starred{/owner}{/repo}","subscriptions_url":"https://api.github.com/users/youssef-sherif900/subscriptions","organizations_url":"https://api.github.com/users/youssef-sherif900/orgs","repos_url":"https://api.github.com/users/youssef-sherif900/repos","events_url":"https://api.github.com/users/youssef-sherif900/events{/privacy}","received_events_url":"https://api.github.com/users/youssef-sherif900/received_events","type":"User","user_view_type":"private","site_admin":false,"name":null,"company":null,"blog":"","location":null,"email":null,"hireable":null,"bio":null,"twitter_username":null,"notification_email":null,"public_repos":21,"public_gists":0,"followers":2,"following":4,"created_at":"2020-11-17T16:28:43Z","updated_at":"2024-10-21T14:25:24Z","private_gists":0,"total_private_repos":5,"owned_private_repos":5,"disk_usage":332226,"collaborators":3,"two_factor_authentication":false,"plan":{"name":"free","space":976562499,"collaborators":0,"private_repos":10000}}
[info] 
[info] +  Success! Logged into GitHub as youssef-sherif900 
[info] 
[debug] [2024-11-07T12:06:58.226Z] >>> [apiv2][query] GET https://api.github.com/repos//actions/secrets/public-key type=owner
[debug] [2024-11-07T12:06:58.834Z] <<< [apiv2][status] GET https://api.github.com/repos//actions/secrets/public-key 404
[debug] [2024-11-07T12:06:58.835Z] <<< [apiv2][body] GET https://api.github.com/repos//actions/secrets/public-key {"message":"Not Found","documentation_url":"https://docs.github.com/rest","status":"404"}
[info] 
[info] 
[error] !  The provided authorization cannot be used with this repository. If this repository is in an organization, did you remember to grant access? 
[info] 
[info] i  Action required: Visit this URL to ensure access has been granted to the appropriate organization(s) for the Firebase CLI GitHub OAuth App: 
[info] https://github.com/settings/connections/applications/89cf50f02ac6aaed3484
[info] 
[debug] [2024-11-07T12:07:01.328Z] >>> [apiv2][query] GET https://api.github.com/repos//actions/secrets/public-key type=owner
[debug] [2024-11-07T12:07:01.588Z] <<< [apiv2][status] GET https://api.github.com/repos//actions/secrets/public-key 404
[debug] [2024-11-07T12:07:01.588Z] <<< [apiv2][body] GET https://api.github.com/repos//actions/secrets/public-key {"message":"Not Found","documentation_url":"https://docs.github.com/rest","status":"404"}
[info] 
[info] 
[error] !  The provided authorization cannot be used with this repository. If this repository is in an organization, did you remember to grant access? 
[info] 
[info] i  Action required: Visit this URL to ensure access has been granted to the appropriate organization(s) for the Firebase CLI GitHub OAuth App: 
[info] https://github.com/settings/connections/applications/89cf50f02ac6aaed3484
[info] 
[debug] [2024-11-07T12:07:02.497Z] >>> [apiv2][query] GET https://api.github.com/repos//actions/secrets/public-key type=owner
[debug] [2024-11-07T12:07:02.758Z] <<< [apiv2][status] GET https://api.github.com/repos//actions/secrets/public-key 404
[debug] [2024-11-07T12:07:02.759Z] <<< [apiv2][body] GET https://api.github.com/repos//actions/secrets/public-key {"message":"Not Found","documentation_url":"https://docs.github.com/rest","status":"404"}
[info] 
[info] 
[error] !  The provided authorization cannot be used with this repository. If this repository is in an organization, did you remember to grant access? 
[info] 
[info] i  Action required: Visit this URL to ensure access has been granted to the appropriate organization(s) for the Firebase CLI GitHub OAuth App: 
[info] https://github.com/settings/connections/applications/89cf50f02ac6aaed3484
[info] 
[debug] [2024-11-07T12:07:03.337Z] >>> [apiv2][query] GET https://api.github.com/repos//actions/secrets/public-key type=owner
[debug] [2024-11-07T12:07:03.650Z] <<< [apiv2][status] GET https://api.github.com/repos//actions/secrets/public-key 404
[debug] [2024-11-07T12:07:03.651Z] <<< [apiv2][body] GET https://api.github.com/repos//actions/secrets/public-key {"message":"Not Found","documentation_url":"https://docs.github.com/rest","status":"404"}
[info] 
[info] 
[error] !  The provided authorization cannot be used with this repository. If this repository is in an organization, did you remember to grant access? 
[info] 
[info] i  Action required: Visit this URL to ensure access has been granted to the appropriate organization(s) for the Firebase CLI GitHub OAuth App: 
[info] https://github.com/settings/connections/applications/89cf50f02ac6aaed3484
[info] 
